<?xml version="1.0" encoding="UTF-8"?>
<testng-results skipped="0" failed="0" ignored="0" total="2" passed="2">
  <reporter-output>
  </reporter-output>
  <suite name="Suite" duration-ms="4380" started-at="2022-11-03T19:23:02 EDT" finished-at="2022-11-03T19:23:06 EDT">
    <groups>
    </groups>
    <test name="Test" duration-ms="4380" started-at="2022-11-03T19:23:02 EDT" finished-at="2022-11-03T19:23:06 EDT">
      <class name="APIDemo.GETRequest3">
        <test-method status="PASS" signature="getUsersList()[pri:0, instance:APIDemo.GETRequest3@3a883ce7]" name="getUsersList" duration-ms="3669" started-at="2022-11-03T19:23:02 EDT" finished-at="2022-11-03T19:23:06 EDT">
          <reporter-output>
          </reporter-output>
        </test-method> <!-- getUsersList -->
      </class> <!-- APIDemo.GETRequest3 -->
      <class name="APIDemo.POSTRequest2">
        <test-method status="PASS" signature="CreateEmployee()[pri:0, instance:APIDemo.POSTRequest2@68bbe345]" name="CreateEmployee" duration-ms="663" started-at="2022-11-03T19:23:06 EDT" finished-at="2022-11-03T19:23:06 EDT">
          <reporter-output>
          </reporter-output>
        </test-method> <!-- CreateEmployee -->
      </class> <!-- APIDemo.POSTRequest2 -->
    </test> <!-- Test -->
  </suite> <!-- Suite -->
</testng-results>
