<?xml version="1.0" encoding="UTF-8"?>
<testsuite xmlns:xsi="http://www.w3.org/2001/XMLSchema-instance" xsi:noNamespaceSchemaLocation="https://maven.apache.org/surefire/maven-surefire-plugin/xsd/surefire-test-report.xsd" name="TestSuite" time="5.278" tests="2" errors="0" skipped="0" failures="0">
  <properties>
[...]
</properties>
  <testcase name="getUsersList" classname="APIDemo.GETRequest3" time="3.674"/>
  <testcase name="CreateEmployee" classname="APIDemo.POSTRequest2" time="0.66"/>
</testsuite>