<?xml version="1.0" encoding="UTF-8"?>
<testng-results skipped="0" failed="0" ignored="0" total="1" passed="1">
  <reporter-output>
  </reporter-output>
  <suite name="Default suite" duration-ms="21668" started-at="2022-11-03T19:19:32 EDT" finished-at="2022-11-03T19:19:53 EDT">
    <groups>
    </groups>
    <test name="Default test" duration-ms="21668" started-at="2022-11-03T19:19:32 EDT" finished-at="2022-11-03T19:19:53 EDT">
      <class name="APIDemo.GETRequest3">
        <test-method status="PASS" signature="getUsersList()[pri:0, instance:APIDemo.GETRequest3@ed9d034]" name="getUsersList" duration-ms="21434" started-at="2022-11-03T19:19:32 EDT" finished-at="2022-11-03T19:19:53 EDT">
          <reporter-output>
          </reporter-output>
        </test-method> <!-- getUsersList -->
      </class> <!-- APIDemo.GETRequest3 -->
    </test> <!-- Default test -->
  </suite> <!-- Default suite -->
</testng-results>
